Using pre-set license
Built from '2020.3/staging' branch; Version is '2020.3.11f1 (99c7afb366b3) revision 10078127'; Using compiler version '192528614'; Build Type 'Release'
OS: 'Windows 10 Home; OS build 17134.1304; Version 1803; 64bit' Language: 'ja' Physical Memory: 8057 MB
BatchMode: 1, IsHumanControllingUs: 0, StartBugReporterOnCrash: 0, Is64bit: 1, IsPro: 0

 COMMAND LINE ARGUMENTS:
D:\Unity\Unity2020.3.11\Editor\Unity.exe
-adb2
-batchMode
-noUpm
-name
AssetImportWorker1
-projectPath
C:/Users/小礒　仁志/Documents/10jam/Jam2021
-logFile
Logs/AssetImportWorker1.log
-srvPort
56643
Successfully changed project path to: C:/Users/小礒　仁志/Documents/10jam/Jam2021
C:/Users/小礒　仁志/Documents/10jam/Jam2021
Using Asset Import Pipeline V2.
Refreshing native plugins compatible for Editor in 69.69 ms, found 2 plugins.
Preloading 0 native plugins for Editor in 0.00 ms.
Initialize engine version: 2020.3.11f1 (99c7afb366b3)
[Subsystems] Discovering subsystems at path D:/Unity/Unity2020.3.11/Editor/Data/Resources/UnitySubsystems
[Subsystems] Discovering subsystems at path C:/Users/小礒　仁志/Documents/10jam/Jam2021/Assets
GfxDevice: creating device client; threaded=0
Direct3D:
    Version:  Direct3D 11.0 [level 11.1]
    Renderer: Intel(R) Iris(R) Plus Graphics 640 (ID=0x5926)
    Vendor:   
    VRAM:     4028 MB
    Driver:   27.20.100.8682
Initialize mono
Mono path[0] = 'D:/Unity/Unity2020.3.11/Editor/Data/Managed'
Mono path[1] = 'D:/Unity/Unity2020.3.11/Editor/Data/MonoBleedingEdge/lib/mono/unityjit'
Mono config path = 'D:/Unity/Unity2020.3.11/Editor/Data/MonoBleedingEdge/etc'
Using monoOptions --debugger-agent=transport=dt_socket,embedding=1,server=y,suspend=n,address=127.0.0.1:56556
Begin MonoManager ReloadAssembly
Registering precompiled unity dll's ...
Register platform support module: D:/Unity/Unity2020.3.11/Editor/Data/PlaybackEngines/WindowsStandaloneSupport/UnityEditor.WindowsStandalone.Extensions.dll
Registered in 0.005136 seconds.
Native extension for WindowsStandalone target not found
Refreshing native plugins compatible for Editor in 79.33 ms, found 2 plugins.
Preloading 0 native plugins for Editor in 0.00 ms.
Unable to find bridge dll in registry for Microsoft Visual Studio Tools for Unity for C:\Program Files (x86)\Microsoft Visual Studio\2017\Professional\Common7\IDE\devenv.exe
Mono: successfully reloaded assembly
- Completed reload, in  4.345 seconds
Platform modules already initialized, skipping
Registering precompiled user dll's ...
Registered in 0.041878 seconds.
Begin MonoManager ReloadAssembly
Native extension for WindowsStandalone target not found
Refreshing native plugins compatible for Editor in 0.63 ms, found 2 plugins.
Preloading 0 native plugins for Editor in 0.00 ms.
Mono: successfully reloaded assembly
- Completed reload, in  4.188 seconds
Platform modules already initialized, skipping
========================================================================
Worker process is ready to serve import requests
Launched and connected shader compiler UnityShaderCompiler.exe after 0.13 seconds
Refreshing native plugins compatible for Editor in 2.69 ms, found 2 plugins.
Preloading 0 native plugins for Editor in 0.00 ms.
Unloading 1631 Unused Serialized files (Serialized files now loaded: 0)
System memory in use before: 71.3 MB.
System memory in use after: 71.4 MB.

Unloading 19 unused Assets to reduce memory usage. Loaded Objects now: 2065.
Total: 5.685333 ms (FindLiveObjects: 0.366667 ms CreateObjectMapping: 0.166222 ms MarkObjects: 4.965333 ms  DeleteObjects: 0.185333 ms)

========================================================================
Received Import Request.
  path: Assets/Notes/OneNotes.prefab
  artifactKey: Guid(adb13b8f5276c3d4da4a7efc43e88326) Importer(815301076,1909f56bfc062723c751e8b465ee728b)
Start importing Assets/Notes/OneNotes.prefab using Guid(adb13b8f5276c3d4da4a7efc43e88326) Importer(815301076,1909f56bfc062723c751e8b465ee728b)  -> (artifact id: '646391656a105bcb0e6aa84c750debc8') in 0.417630 seconds
  Import took 0.428794 seconds .

========================================================================
Received Import Request.
  Time since last request: 0.000241 seconds.
  path: Assets/Notes
  artifactKey: Guid(3af2822f331243846be6970a04a0458d) Importer(815301076,1909f56bfc062723c751e8b465ee728b)
Start importing Assets/Notes using Guid(3af2822f331243846be6970a04a0458d) Importer(815301076,1909f56bfc062723c751e8b465ee728b)  -> (artifact id: 'd35762baff1e16588f9c2e2ff6a4c577') in 0.011006 seconds
  Import took 0.016829 seconds .

========================================================================
Received Import Request.
  Time since last request: 0.000072 seconds.
  path: Assets/Notes/TowNotes.prefab
  artifactKey: Guid(d08b9187deb5cc34b860fdc193f5badb) Importer(815301076,1909f56bfc062723c751e8b465ee728b)
Start importing Assets/Notes/TowNotes.prefab using Guid(d08b9187deb5cc34b860fdc193f5badb) Importer(815301076,1909f56bfc062723c751e8b465ee728b)  -> (artifact id: 'eeb335237a1e9acbc6efa04b2c02cee0') in 0.024962 seconds
  Import took 0.029694 seconds .

========================================================================
Received Prepare
Refreshing native plugins compatible for Editor in 3.36 ms, found 2 plugins.
Preloading 0 native plugins for Editor in 0.00 ms.
Unloading 12 Unused Serialized files (Serialized files now loaded: 0)
System memory in use before: 42.5 MB.
System memory in use after: 42.6 MB.

Unloading 13 unused Assets to reduce memory usage. Loaded Objects now: 2074.
Total: 3.111556 ms (FindLiveObjects: 0.193778 ms CreateObjectMapping: 0.057778 ms MarkObjects: 2.810222 ms  DeleteObjects: 0.048889 ms)

========================================================================
Received Prepare
Registering precompiled user dll's ...
Registered in 0.004771 seconds.
Begin MonoManager ReloadAssembly
Native extension for WindowsStandalone target not found
Refreshing native plugins compatible for Editor in 0.37 ms, found 2 plugins.
Preloading 0 native plugins for Editor in 0.00 ms.
Mono: successfully reloaded assembly
- Completed reload, in  0.975 seconds
Platform modules already initialized, skipping
Refreshing native plugins compatible for Editor in 0.39 ms, found 2 plugins.
Preloading 0 native plugins for Editor in 0.00 ms.
Unloading 1626 Unused Serialized files (Serialized files now loaded: 0)
System memory in use before: 74.4 MB.
System memory in use after: 74.5 MB.

Unloading 14 unused Assets to reduce memory usage. Loaded Objects now: 2077.
Total: 2.957778 ms (FindLiveObjects: 0.289333 ms CreateObjectMapping: 0.090222 ms MarkObjects: 2.515111 ms  DeleteObjects: 0.061778 ms)

========================================================================
Received Prepare
Registering precompiled user dll's ...
Registered in 0.004786 seconds.
Begin MonoManager ReloadAssembly
Native extension for WindowsStandalone target not found
Refreshing native plugins compatible for Editor in 0.57 ms, found 2 plugins.
Preloading 0 native plugins for Editor in 0.00 ms.
Mono: successfully reloaded assembly
- Completed reload, in  1.056 seconds
Platform modules already initialized, skipping
Refreshing native plugins compatible for Editor in 0.52 ms, found 2 plugins.
Preloading 0 native plugins for Editor in 0.00 ms.
Unloading 1626 Unused Serialized files (Serialized files now loaded: 0)
System memory in use before: 74.4 MB.
System memory in use after: 74.5 MB.

Unloading 14 unused Assets to reduce memory usage. Loaded Objects now: 2080.
Total: 2.019111 ms (FindLiveObjects: 0.184000 ms CreateObjectMapping: 0.052000 ms MarkObjects: 1.724889 ms  DeleteObjects: 0.056889 ms)

========================================================================
Received Prepare
Registering precompiled user dll's ...
Registered in 0.004659 seconds.
Begin MonoManager ReloadAssembly
Native extension for WindowsStandalone target not found
Refreshing native plugins compatible for Editor in 0.38 ms, found 2 plugins.
Preloading 0 native plugins for Editor in 0.00 ms.
Mono: successfully reloaded assembly
- Completed reload, in  1.070 seconds
Platform modules already initialized, skipping
Refreshing native plugins compatible for Editor in 0.34 ms, found 2 plugins.
Preloading 0 native plugins for Editor in 0.00 ms.
Unloading 1626 Unused Serialized files (Serialized files now loaded: 0)
System memory in use before: 74.5 MB.
System memory in use after: 74.5 MB.

Unloading 14 unused Assets to reduce memory usage. Loaded Objects now: 2083.
Total: 1.975556 ms (FindLiveObjects: 0.163556 ms CreateObjectMapping: 0.054667 ms MarkObjects: 1.704889 ms  DeleteObjects: 0.052000 ms)

========================================================================
Received Prepare
Registering precompiled user dll's ...
Registered in 0.632137 seconds.
Begin MonoManager ReloadAssembly
Native extension for WindowsStandalone target not found
Refreshing native plugins compatible for Editor in 0.57 ms, found 2 plugins.
Preloading 0 native plugins for Editor in 0.00 ms.
Mono: successfully reloaded assembly
- Completed reload, in  1.815 seconds
Platform modules already initialized, skipping
Refreshing native plugins compatible for Editor in 1.02 ms, found 2 plugins.
Preloading 0 native plugins for Editor in 0.00 ms.
Unloading 1626 Unused Serialized files (Serialized files now loaded: 0)
System memory in use before: 74.5 MB.
System memory in use after: 74.6 MB.

Unloading 14 unused Assets to reduce memory usage. Loaded Objects now: 2086.
Total: 5.034667 ms (FindLiveObjects: 0.490222 ms CreateObjectMapping: 0.165778 ms MarkObjects: 4.189778 ms  DeleteObjects: 0.186222 ms)

========================================================================
Received Prepare
Registering precompiled user dll's ...
Registered in 0.008911 seconds.
Begin MonoManager ReloadAssembly
Native extension for WindowsStandalone target not found
Refreshing native plugins compatible for Editor in 0.39 ms, found 2 plugins.
Preloading 0 native plugins for Editor in 0.00 ms.
Mono: successfully reloaded assembly
- Completed reload, in  0.978 seconds
Platform modules already initialized, skipping
Refreshing native plugins compatible for Editor in 0.33 ms, found 2 plugins.
Preloading 0 native plugins for Editor in 0.00 ms.
Unloading 1626 Unused Serialized files (Serialized files now loaded: 0)
System memory in use before: 74.5 MB.
System memory in use after: 74.6 MB.

Unloading 14 unused Assets to reduce memory usage. Loaded Objects now: 2089.
Total: 2.020000 ms (FindLiveObjects: 0.180889 ms CreateObjectMapping: 0.047556 ms MarkObjects: 1.742222 ms  DeleteObjects: 0.048444 ms)

========================================================================
Received Import Request.
  Time since last request: 1229.499731 seconds.
  path: Assets/Image
  artifactKey: Guid(25038792e30b29a4d8ab6f67eb88e0f5) Importer(815301076,1909f56bfc062723c751e8b465ee728b)
Start importing Assets/Image using Guid(25038792e30b29a4d8ab6f67eb88e0f5) Importer(815301076,1909f56bfc062723c751e8b465ee728b)  -> (artifact id: '4a217641a129318e8bff603fd72d4c9a') in 0.022712 seconds
  Import took 0.026932 seconds .

========================================================================
Received Import Request.
  Time since last request: 0.045864 seconds.
  path: Assets/Image/COOL.png
  artifactKey: Guid(e69a9869d679d5d43b3ee7999ab280b7) Importer(815301076,1909f56bfc062723c751e8b465ee728b)
Start importing Assets/Image/COOL.png using Guid(e69a9869d679d5d43b3ee7999ab280b7) Importer(815301076,1909f56bfc062723c751e8b465ee728b)  -> (artifact id: 'e57f77760a7a1ceb50adecaa9a718c00') in 0.095264 seconds
  Import took 0.099027 seconds .

========================================================================
Received Import Request.
  Time since last request: 0.000220 seconds.
  path: Assets/Image/HIT 1.png
  artifactKey: Guid(c873c16665c9fcb468c2a3f05fdb283c) Importer(815301076,1909f56bfc062723c751e8b465ee728b)
Start importing Assets/Image/HIT 1.png using Guid(c873c16665c9fcb468c2a3f05fdb283c) Importer(815301076,1909f56bfc062723c751e8b465ee728b)  -> (artifact id: '70e32e1c31396eba777bccd3dc368a78') in 0.075910 seconds
  Import took 0.079000 seconds .

========================================================================
Received Import Request.
  Time since last request: 0.000206 seconds.
  path: Assets/Image/GREAT.png
  artifactKey: Guid(c3155533271e42546ac3c22b0e57dc98) Importer(815301076,1909f56bfc062723c751e8b465ee728b)
Start importing Assets/Image/GREAT.png using Guid(c3155533271e42546ac3c22b0e57dc98) Importer(815301076,1909f56bfc062723c751e8b465ee728b)  -> (artifact id: 'a2d71a4a6e0f34432e151656d7a47b3a') in 0.034631 seconds
  Import took 0.038832 seconds .

========================================================================
Received Import Request.
  Time since last request: 0.000230 seconds.
  path: Assets/Image/MISS.png
  artifactKey: Guid(59e559fea6e903c4ea3f2c5575c6bb4b) Importer(815301076,1909f56bfc062723c751e8b465ee728b)
Start importing Assets/Image/MISS.png using Guid(59e559fea6e903c4ea3f2c5575c6bb4b) Importer(815301076,1909f56bfc062723c751e8b465ee728b)  -> (artifact id: 'a41c5c2d836803c6d45bccef0cc621c2') in 0.039973 seconds
  Import took 0.043807 seconds .

========================================================================
Received Import Request.
  Time since last request: 0.000203 seconds.
  path: Assets/Image/GOOD.png
  artifactKey: Guid(5cd3deea26b9e0d43ba6296f0db6f093) Importer(815301076,1909f56bfc062723c751e8b465ee728b)
Start importing Assets/Image/GOOD.png using Guid(5cd3deea26b9e0d43ba6296f0db6f093) Importer(815301076,1909f56bfc062723c751e8b465ee728b)  -> (artifact id: '9e9dc34ce42212412505b5b4a5a651c5') in 0.031282 seconds
  Import took 0.034516 seconds .

========================================================================
Received Prepare
Registering precompiled user dll's ...
Registered in 0.006256 seconds.
Begin MonoManager ReloadAssembly
Native extension for WindowsStandalone target not found
Refreshing native plugins compatible for Editor in 0.37 ms, found 2 plugins.
Preloading 0 native plugins for Editor in 0.00 ms.
Mono: successfully reloaded assembly
- Completed reload, in  1.047 seconds
Platform modules already initialized, skipping
Refreshing native plugins compatible for Editor in 0.31 ms, found 2 plugins.
Preloading 0 native plugins for Editor in 0.00 ms.
Unloading 1626 Unused Serialized files (Serialized files now loaded: 0)
System memory in use before: 74.5 MB.
System memory in use after: 74.6 MB.

Unloading 14 unused Assets to reduce memory usage. Loaded Objects now: 2096.
Total: 2.296444 ms (FindLiveObjects: 0.159111 ms CreateObjectMapping: 0.055111 ms MarkObjects: 2.014667 ms  DeleteObjects: 0.066222 ms)

========================================================================
Received Prepare
Registering precompiled user dll's ...
Registered in 0.011409 seconds.
Begin MonoManager ReloadAssembly
Native extension for WindowsStandalone target not found
Refreshing native plugins compatible for Editor in 0.58 ms, found 2 plugins.
Preloading 0 native plugins for Editor in 0.00 ms.
Mono: successfully reloaded assembly
- Completed reload, in  0.985 seconds
Platform modules already initialized, skipping
Refreshing native plugins compatible for Editor in 0.35 ms, found 2 plugins.
Preloading 0 native plugins for Editor in 0.00 ms.
Unloading 1626 Unused Serialized files (Serialized files now loaded: 0)
System memory in use before: 74.5 MB.
System memory in use after: 74.6 MB.

Unloading 14 unused Assets to reduce memory usage. Loaded Objects now: 2099.
Total: 2.024444 ms (FindLiveObjects: 0.200889 ms CreateObjectMapping: 0.054667 ms MarkObjects: 1.712000 ms  DeleteObjects: 0.056000 ms)

========================================================================
Received Prepare
Registering precompiled user dll's ...
Registered in 0.004752 seconds.
Begin MonoManager ReloadAssembly
Native extension for WindowsStandalone target not found
Refreshing native plugins compatible for Editor in 0.45 ms, found 2 plugins.
Preloading 0 native plugins for Editor in 0.00 ms.
Mono: successfully reloaded assembly
- Completed reload, in  1.056 seconds
Platform modules already initialized, skipping
Refreshing native plugins compatible for Editor in 0.49 ms, found 2 plugins.
Preloading 0 native plugins for Editor in 0.00 ms.
Unloading 1626 Unused Serialized files (Serialized files now loaded: 0)
System memory in use before: 74.5 MB.
System memory in use after: 74.6 MB.

Unloading 14 unused Assets to reduce memory usage. Loaded Objects now: 2102.
Total: 2.012444 ms (FindLiveObjects: 0.160444 ms CreateObjectMapping: 0.056444 ms MarkObjects: 1.731556 ms  DeleteObjects: 0.062667 ms)

========================================================================
Received Prepare
Registering precompiled user dll's ...
Registered in 0.005432 seconds.
Begin MonoManager ReloadAssembly
Native extension for WindowsStandalone target not found
Refreshing native plugins compatible for Editor in 0.56 ms, found 2 plugins.
Preloading 0 native plugins for Editor in 0.00 ms.
Mono: successfully reloaded assembly
- Completed reload, in  1.058 seconds
Platform modules already initialized, skipping
Refreshing native plugins compatible for Editor in 0.34 ms, found 2 plugins.
Preloading 0 native plugins for Editor in 0.00 ms.
Unloading 1626 Unused Serialized files (Serialized files now loaded: 0)
System memory in use before: 74.5 MB.
System memory in use after: 74.6 MB.

Unloading 14 unused Assets to reduce memory usage. Loaded Objects now: 2105.
Total: 2.962222 ms (FindLiveObjects: 0.289333 ms CreateObjectMapping: 0.080000 ms MarkObjects: 2.525333 ms  DeleteObjects: 0.066222 ms)

========================================================================
Received Prepare
Registering precompiled user dll's ...
Registered in 0.004635 seconds.
Begin MonoManager ReloadAssembly
Native extension for WindowsStandalone target not found
Refreshing native plugins compatible for Editor in 0.38 ms, found 2 plugins.
Preloading 0 native plugins for Editor in 0.00 ms.
Mono: successfully reloaded assembly
- Completed reload, in  1.068 seconds
Platform modules already initialized, skipping
Refreshing native plugins compatible for Editor in 0.52 ms, found 2 plugins.
Preloading 0 native plugins for Editor in 0.00 ms.
Unloading 1626 Unused Serialized files (Serialized files now loaded: 0)
System memory in use before: 74.5 MB.
System memory in use after: 74.6 MB.

Unloading 14 unused Assets to reduce memory usage. Loaded Objects now: 2108.
Total: 1.917778 ms (FindLiveObjects: 0.172444 ms CreateObjectMapping: 0.058667 ms MarkObjects: 1.632000 ms  DeleteObjects: 0.053778 ms)

========================================================================
Received Prepare
Registering precompiled user dll's ...
Registered in 0.004704 seconds.
Begin MonoManager ReloadAssembly
Native extension for WindowsStandalone target not found
Refreshing native plugins compatible for Editor in 0.38 ms, found 2 plugins.
Preloading 0 native plugins for Editor in 0.00 ms.
Mono: successfully reloaded assembly
- Completed reload, in  1.046 seconds
Platform modules already initialized, skipping
Refreshing native plugins compatible for Editor in 0.34 ms, found 2 plugins.
Preloading 0 native plugins for Editor in 0.00 ms.
Unloading 1626 Unused Serialized files (Serialized files now loaded: 0)
System memory in use before: 74.5 MB.
System memory in use after: 74.6 MB.

Unloading 14 unused Assets to reduce memory usage. Loaded Objects now: 2111.
Total: 2.119111 ms (FindLiveObjects: 0.179111 ms CreateObjectMapping: 0.057778 ms MarkObjects: 1.824000 ms  DeleteObjects: 0.057333 ms)

========================================================================
Received Prepare
Registering precompiled user dll's ...
Registered in 0.004763 seconds.
Begin MonoManager ReloadAssembly
Native extension for WindowsStandalone target not found
Refreshing native plugins compatible for Editor in 0.34 ms, found 2 plugins.
Preloading 0 native plugins for Editor in 0.00 ms.
Mono: successfully reloaded assembly
- Completed reload, in  0.944 seconds
Platform modules already initialized, skipping
Refreshing native plugins compatible for Editor in 0.33 ms, found 2 plugins.
Preloading 0 native plugins for Editor in 0.00 ms.
Unloading 1626 Unused Serialized files (Serialized files now loaded: 0)
System memory in use before: 74.5 MB.
System memory in use after: 74.6 MB.

Unloading 14 unused Assets to reduce memory usage. Loaded Objects now: 2114.
Total: 2.716000 ms (FindLiveObjects: 0.198667 ms CreateObjectMapping: 0.051556 ms MarkObjects: 2.397333 ms  DeleteObjects: 0.067111 ms)

========================================================================
Received Import Request.
  Time since last request: 1292.934864 seconds.
  path: Assets/Image/FL1.png
  artifactKey: Guid(6dcbfa86069e5b6479639763c7ea7d4f) Importer(815301076,1909f56bfc062723c751e8b465ee728b)
Start importing Assets/Image/FL1.png using Guid(6dcbfa86069e5b6479639763c7ea7d4f) Importer(815301076,1909f56bfc062723c751e8b465ee728b)  -> (artifact id: '7757accf57c621758719dc5dd39dc42b') in 0.067088 seconds
  Import took 0.071312 seconds .

========================================================================
Received Import Request.
  Time since last request: 6.692063 seconds.
  path: Assets/Image/FL1.png
  artifactKey: Guid(6dcbfa86069e5b6479639763c7ea7d4f) Importer(815301076,1909f56bfc062723c751e8b465ee728b)
Start importing Assets/Image/FL1.png using Guid(6dcbfa86069e5b6479639763c7ea7d4f) Importer(815301076,1909f56bfc062723c751e8b465ee728b)  -> (artifact id: '26304ae9b3a3a4423e94d984e12ad5bb') in 0.035869 seconds
  Import took 0.039304 seconds .

========================================================================
Received Prepare
Registering precompiled user dll's ...
Registered in 0.005584 seconds.
Begin MonoManager ReloadAssembly
Native extension for WindowsStandalone target not found
Refreshing native plugins compatible for Editor in 0.54 ms, found 2 plugins.
Preloading 0 native plugins for Editor in 0.00 ms.
Mono: successfully reloaded assembly
- Completed reload, in  1.023 seconds
Platform modules already initialized, skipping
Refreshing native plugins compatible for Editor in 0.32 ms, found 2 plugins.
Preloading 0 native plugins for Editor in 0.00 ms.
Unloading 1626 Unused Serialized files (Serialized files now loaded: 0)
System memory in use before: 74.5 MB.
System memory in use after: 74.6 MB.

Unloading 14 unused Assets to reduce memory usage. Loaded Objects now: 2121.
Total: 2.092889 ms (FindLiveObjects: 0.190222 ms CreateObjectMapping: 0.056000 ms MarkObjects: 1.792444 ms  DeleteObjects: 0.053778 ms)

========================================================================
Received Prepare
Registering precompiled user dll's ...
Registered in 0.005324 seconds.
Begin MonoManager ReloadAssembly
Native extension for WindowsStandalone target not found
Refreshing native plugins compatible for Editor in 0.45 ms, found 2 plugins.
Preloading 0 native plugins for Editor in 0.00 ms.
Mono: successfully reloaded assembly
- Completed reload, in  0.943 seconds
Platform modules already initialized, skipping
Refreshing native plugins compatible for Editor in 0.44 ms, found 2 plugins.
Preloading 0 native plugins for Editor in 0.00 ms.
Unloading 1626 Unused Serialized files (Serialized files now loaded: 0)
System memory in use before: 74.6 MB.
System memory in use after: 74.6 MB.

Unloading 14 unused Assets to reduce memory usage. Loaded Objects now: 2124.
Total: 2.512889 ms (FindLiveObjects: 0.200000 ms CreateObjectMapping: 0.044444 ms MarkObjects: 2.210222 ms  DeleteObjects: 0.057333 ms)

========================================================================
Received Import Request.
  Time since last request: 367.730384 seconds.
  path: Assets/Image/HIT 1.png
  artifactKey: Guid(c873c16665c9fcb468c2a3f05fdb283c) Importer(815301076,1909f56bfc062723c751e8b465ee728b)
Start importing Assets/Image/HIT 1.png using Guid(c873c16665c9fcb468c2a3f05fdb283c) Importer(815301076,1909f56bfc062723c751e8b465ee728b)  -> (artifact id: '1fbdef66647b940d79dcc10e4ea6f013') in 0.078601 seconds
  Import took 0.085340 seconds .

========================================================================
Received Import Request.
  Time since last request: 37.476143 seconds.
  path: Assets/Image/GameObject.prefab
  artifactKey: Guid(bb3178a2ac6f81f49a675a353fb6dc40) Importer(815301076,1909f56bfc062723c751e8b465ee728b)
Start importing Assets/Image/GameObject.prefab using Guid(bb3178a2ac6f81f49a675a353fb6dc40) Importer(815301076,1909f56bfc062723c751e8b465ee728b)  -> (artifact id: '9ecf04d58e4f41156bc60ac7bbf30914') in 0.033683 seconds
  Import took 0.037796 seconds .

========================================================================
Received Import Request.
  Time since last request: 6.788772 seconds.
  path: Assets/Image/GameObject.prefab
  artifactKey: Guid(bb3178a2ac6f81f49a675a353fb6dc40) Importer(815301076,1909f56bfc062723c751e8b465ee728b)
Start importing Assets/Image/GameObject.prefab using Guid(bb3178a2ac6f81f49a675a353fb6dc40) Importer(815301076,1909f56bfc062723c751e8b465ee728b)  -> (artifact id: '54b9294c19e98aa9ca1d00260933e71d') in 0.008456 seconds
  Import took 0.014303 seconds .

========================================================================
Received Import Request.
  Time since last request: 87.522630 seconds.
  path: Assets/Image/GameObject.prefab
  artifactKey: Guid(bb3178a2ac6f81f49a675a353fb6dc40) Importer(815301076,1909f56bfc062723c751e8b465ee728b)
Start importing Assets/Image/GameObject.prefab using Guid(bb3178a2ac6f81f49a675a353fb6dc40) Importer(815301076,1909f56bfc062723c751e8b465ee728b)  -> (artifact id: 'f2f0a4d02e551b636758425e26bfd66a') in 0.016178 seconds
  Import took 0.021803 seconds .

========================================================================
Received Import Request.
  Time since last request: 1.726362 seconds.
  path: Assets/Image/GameObject.prefab
  artifactKey: Guid(bb3178a2ac6f81f49a675a353fb6dc40) Importer(815301076,1909f56bfc062723c751e8b465ee728b)
Start importing Assets/Image/GameObject.prefab using Guid(bb3178a2ac6f81f49a675a353fb6dc40) Importer(815301076,1909f56bfc062723c751e8b465ee728b)  -> (artifact id: '01e64215275068ad24a36d277797d720') in 0.012466 seconds
  Import took 0.016604 seconds .

========================================================================
Received Import Request.
  Time since last request: 3.312673 seconds.
  path: Assets/Image/GameObject.prefab
  artifactKey: Guid(bb3178a2ac6f81f49a675a353fb6dc40) Importer(815301076,1909f56bfc062723c751e8b465ee728b)
Start importing Assets/Image/GameObject.prefab using Guid(bb3178a2ac6f81f49a675a353fb6dc40) Importer(815301076,1909f56bfc062723c751e8b465ee728b)  -> (artifact id: 'dbc8ed61459769745d5b31870663cd96') in 0.059082 seconds
  Import took 0.064380 seconds .

========================================================================
Received Import Request.
  Time since last request: 19.717106 seconds.
  path: Assets/Notes/TowNotes.prefab
  artifactKey: Guid(d08b9187deb5cc34b860fdc193f5badb) Importer(815301076,1909f56bfc062723c751e8b465ee728b)
Start importing Assets/Notes/TowNotes.prefab using Guid(d08b9187deb5cc34b860fdc193f5badb) Importer(815301076,1909f56bfc062723c751e8b465ee728b)  -> (artifact id: 'fc3bd8b19265fd87c82f0f3188e7e088') in 0.020791 seconds
  Import took 0.028220 seconds .

========================================================================
Received Import Request.
  Time since last request: 1.574890 seconds.
  path: Assets/Notes/TowNotes.prefab
  artifactKey: Guid(d08b9187deb5cc34b860fdc193f5badb) Importer(815301076,1909f56bfc062723c751e8b465ee728b)
Start importing Assets/Notes/TowNotes.prefab using Guid(d08b9187deb5cc34b860fdc193f5badb) Importer(815301076,1909f56bfc062723c751e8b465ee728b)  -> (artifact id: '6eb9b0802e0a517c85b164922fa66e27') in 0.012608 seconds
  Import took 0.016632 seconds .

========================================================================
Received Import Request.
  Time since last request: 1.124764 seconds.
  path: Assets/Notes/TowNotes.prefab
  artifactKey: Guid(d08b9187deb5cc34b860fdc193f5badb) Importer(815301076,1909f56bfc062723c751e8b465ee728b)
Start importing Assets/Notes/TowNotes.prefab using Guid(d08b9187deb5cc34b860fdc193f5badb) Importer(815301076,1909f56bfc062723c751e8b465ee728b)  -> (artifact id: '9bbd7ab891de8f3b131b36ce998cf27b') in 0.015270 seconds
  Import took 0.021918 seconds .

========================================================================
Received Import Request.
  Time since last request: 2.250168 seconds.
  path: Assets/Notes/TowNotes.prefab
  artifactKey: Guid(d08b9187deb5cc34b860fdc193f5badb) Importer(815301076,1909f56bfc062723c751e8b465ee728b)
Start importing Assets/Notes/TowNotes.prefab using Guid(d08b9187deb5cc34b860fdc193f5badb) Importer(815301076,1909f56bfc062723c751e8b465ee728b)  -> (artifact id: '937e854ecc5698dd07bf61a92e2fec30') in 0.008686 seconds
  Import took 0.012335 seconds .

========================================================================
Received Import Request.
  Time since last request: 27.373922 seconds.
  path: Assets/Notes/TowNotes.prefab
  artifactKey: Guid(d08b9187deb5cc34b860fdc193f5badb) Importer(815301076,1909f56bfc062723c751e8b465ee728b)
Start importing Assets/Notes/TowNotes.prefab using Guid(d08b9187deb5cc34b860fdc193f5badb) Importer(815301076,1909f56bfc062723c751e8b465ee728b)  -> (artifact id: '2c34627f7c8f8d96913f00f9afbb5147') in 0.016342 seconds
  Import took 0.026764 seconds .

========================================================================
Received Prepare
Registering precompiled user dll's ...
Registered in 0.004752 seconds.
Begin MonoManager ReloadAssembly
Native extension for WindowsStandalone target not found
Refreshing native plugins compatible for Editor in 0.39 ms, found 2 plugins.
Preloading 0 native plugins for Editor in 0.00 ms.
Mono: successfully reloaded assembly
- Completed reload, in  1.032 seconds
Platform modules already initialized, skipping
Refreshing native plugins compatible for Editor in 0.31 ms, found 2 plugins.
Preloading 0 native plugins for Editor in 0.00 ms.
Unloading 1626 Unused Serialized files (Serialized files now loaded: 0)
System memory in use before: 74.9 MB.
System memory in use after: 74.9 MB.

Unloading 15 unused Assets to reduce memory usage. Loaded Objects now: 2130.
Total: 2.135111 ms (FindLiveObjects: 0.170222 ms CreateObjectMapping: 0.056444 ms MarkObjects: 1.857778 ms  DeleteObjects: 0.049778 ms)

========================================================================
Received Import Request.
  Time since last request: 60.380513 seconds.
  path: Assets/Notes/OneNotes.prefab
  artifactKey: Guid(adb13b8f5276c3d4da4a7efc43e88326) Importer(815301076,1909f56bfc062723c751e8b465ee728b)
Start importing Assets/Notes/OneNotes.prefab using Guid(adb13b8f5276c3d4da4a7efc43e88326) Importer(815301076,1909f56bfc062723c751e8b465ee728b)  -> (artifact id: 'e9b95a401e0f26d624803b8690d7f69e') in 0.108919 seconds
  Import took 0.113362 seconds .

========================================================================
Received Import Request.
  Time since last request: 1.716797 seconds.
  path: Assets/Notes/ThreeNotes.prefab
  artifactKey: Guid(d7a70a4987f1cef4ebfb05953c1c4403) Importer(815301076,1909f56bfc062723c751e8b465ee728b)
Start importing Assets/Notes/ThreeNotes.prefab using Guid(d7a70a4987f1cef4ebfb05953c1c4403) Importer(815301076,1909f56bfc062723c751e8b465ee728b)  -> (artifact id: '3cc6e7aee1eba5e25618ce217af6df38') in 0.025864 seconds
  Import took 0.029530 seconds .

========================================================================
Received Import Request.
  Time since last request: 1.885144 seconds.
  path: Assets/Notes/FourNotes.prefab
  artifactKey: Guid(56e951c2c06b41049a6557e1f0cf94f4) Importer(815301076,1909f56bfc062723c751e8b465ee728b)
Start importing Assets/Notes/FourNotes.prefab using Guid(56e951c2c06b41049a6557e1f0cf94f4) Importer(815301076,1909f56bfc062723c751e8b465ee728b)  -> (artifact id: 'c557e7fc2b31e8311df0a2db6e7a6ed5') in 0.028349 seconds
  Import took 0.033177 seconds .

========================================================================
Received Prepare
Registering precompiled user dll's ...
Registered in 0.006377 seconds.
Begin MonoManager ReloadAssembly
Native extension for WindowsStandalone target not found
Refreshing native plugins compatible for Editor in 0.38 ms, found 2 plugins.
Preloading 0 native plugins for Editor in 0.00 ms.
Mono: successfully reloaded assembly
- Completed reload, in  0.968 seconds
Platform modules already initialized, skipping
Refreshing native plugins compatible for Editor in 0.36 ms, found 2 plugins.
Preloading 0 native plugins for Editor in 0.00 ms.
Unloading 1626 Unused Serialized files (Serialized files now loaded: 0)
System memory in use before: 74.9 MB.
System memory in use after: 75.0 MB.

Unloading 14 unused Assets to reduce memory usage. Loaded Objects now: 2134.
Total: 2.410667 ms (FindLiveObjects: 0.191556 ms CreateObjectMapping: 0.055111 ms MarkObjects: 2.106222 ms  DeleteObjects: 0.056444 ms)

========================================================================
Received Import Request.
  Time since last request: 47.424946 seconds.
  path: Assets/Notes/OneNotes.prefab
  artifactKey: Guid(adb13b8f5276c3d4da4a7efc43e88326) Importer(815301076,1909f56bfc062723c751e8b465ee728b)
Start importing Assets/Notes/OneNotes.prefab using Guid(adb13b8f5276c3d4da4a7efc43e88326) Importer(815301076,1909f56bfc062723c751e8b465ee728b)  -> (artifact id: 'b1824b626c444e6cc00cc28edec74f16') in 0.062520 seconds
  Import took 0.065925 seconds .

========================================================================
Received Import Request.
  Time since last request: 0.991146 seconds.
  path: Assets/Notes/OneNotes.prefab
  artifactKey: Guid(adb13b8f5276c3d4da4a7efc43e88326) Importer(815301076,1909f56bfc062723c751e8b465ee728b)
Start importing Assets/Notes/OneNotes.prefab using Guid(adb13b8f5276c3d4da4a7efc43e88326) Importer(815301076,1909f56bfc062723c751e8b465ee728b)  -> (artifact id: 'd9e9e873dbab6f2f70f41504253c755c') in 0.029648 seconds
  Import took 0.033760 seconds .

========================================================================
Received Import Request.
  Time since last request: 0.954777 seconds.
  path: Assets/Notes/OneNotes.prefab
  artifactKey: Guid(adb13b8f5276c3d4da4a7efc43e88326) Importer(815301076,1909f56bfc062723c751e8b465ee728b)
Start importing Assets/Notes/OneNotes.prefab using Guid(adb13b8f5276c3d4da4a7efc43e88326) Importer(815301076,1909f56bfc062723c751e8b465ee728b)  -> (artifact id: '924f053c96eb5040d34176ca2e505faa') in 0.020295 seconds
  Import took 0.026756 seconds .

========================================================================
Received Import Request.
  Time since last request: 5.521040 seconds.
  path: Assets/Notes/FourNotes.prefab
  artifactKey: Guid(56e951c2c06b41049a6557e1f0cf94f4) Importer(815301076,1909f56bfc062723c751e8b465ee728b)
Start importing Assets/Notes/FourNotes.prefab using Guid(56e951c2c06b41049a6557e1f0cf94f4) Importer(815301076,1909f56bfc062723c751e8b465ee728b)  -> (artifact id: '271e6b28d13339afd0caad32bcf95c72') in 0.026056 seconds
  Import took 0.029705 seconds .

========================================================================
Received Import Request.
  Time since last request: 2.174192 seconds.
  path: Assets/Notes/FourNotes.prefab
  artifactKey: Guid(56e951c2c06b41049a6557e1f0cf94f4) Importer(815301076,1909f56bfc062723c751e8b465ee728b)
Start importing Assets/Notes/FourNotes.prefab using Guid(56e951c2c06b41049a6557e1f0cf94f4) Importer(815301076,1909f56bfc062723c751e8b465ee728b)  -> (artifact id: '7fde199973583a7197cd42417332af11') in 0.024969 seconds
  Import took 0.029461 seconds .

========================================================================
Received Import Request.
  Time since last request: 0.988880 seconds.
  path: Assets/Notes/FourNotes.prefab
  artifactKey: Guid(56e951c2c06b41049a6557e1f0cf94f4) Importer(815301076,1909f56bfc062723c751e8b465ee728b)
Start importing Assets/Notes/FourNotes.prefab using Guid(56e951c2c06b41049a6557e1f0cf94f4) Importer(815301076,1909f56bfc062723c751e8b465ee728b)  -> (artifact id: 'b46f5e1d8d1cd943900e6fba047cc64b') in 0.020308 seconds
  Import took 0.024768 seconds .

========================================================================
Received Prepare
Registering precompiled user dll's ...
Registered in 0.005271 seconds.
Begin MonoManager ReloadAssembly
Native extension for WindowsStandalone target not found
Refreshing native plugins compatible for Editor in 0.37 ms, found 2 plugins.
Preloading 0 native plugins for Editor in 0.00 ms.
Mono: successfully reloaded assembly
- Completed reload, in  1.022 seconds
Platform modules already initialized, skipping
Refreshing native plugins compatible for Editor in 0.31 ms, found 2 plugins.
Preloading 0 native plugins for Editor in 0.00 ms.
Unloading 1626 Unused Serialized files (Serialized files now loaded: 0)
System memory in use before: 74.9 MB.
System memory in use after: 75.0 MB.

Unloading 14 unused Assets to reduce memory usage. Loaded Objects now: 2138.
Total: 2.224000 ms (FindLiveObjects: 0.202222 ms CreateObjectMapping: 0.049778 ms MarkObjects: 1.918222 ms  DeleteObjects: 0.052444 ms)

========================================================================
Received Import Request.
  Time since last request: 22.599794 seconds.
  path: Assets/Notes/OneNotes.prefab
  artifactKey: Guid(adb13b8f5276c3d4da4a7efc43e88326) Importer(815301076,1909f56bfc062723c751e8b465ee728b)
Start importing Assets/Notes/OneNotes.prefab using Guid(adb13b8f5276c3d4da4a7efc43e88326) Importer(815301076,1909f56bfc062723c751e8b465ee728b)  -> (artifact id: 'bea41832e94edabbbfe5dd66b6cd76fa') in 0.078307 seconds
  Import took 0.083610 seconds .

========================================================================
Received Import Request.
  Time since last request: 1.799401 seconds.
  path: Assets/Notes/OneNotes.prefab
  artifactKey: Guid(adb13b8f5276c3d4da4a7efc43e88326) Importer(815301076,1909f56bfc062723c751e8b465ee728b)
Start importing Assets/Notes/OneNotes.prefab using Guid(adb13b8f5276c3d4da4a7efc43e88326) Importer(815301076,1909f56bfc062723c751e8b465ee728b)  -> (artifact id: '2267de9f496b055ebda65b7b8c78fad5') in 0.026128 seconds
  Import took 0.029630 seconds .

========================================================================
Received Prepare
Registering precompiled user dll's ...
Registered in 0.006303 seconds.
Begin MonoManager ReloadAssembly
Native extension for WindowsStandalone target not found
Refreshing native plugins compatible for Editor in 0.36 ms, found 2 plugins.
Preloading 0 native plugins for Editor in 0.00 ms.
Mono: successfully reloaded assembly
- Completed reload, in  0.949 seconds
Platform modules already initialized, skipping
Refreshing native plugins compatible for Editor in 0.34 ms, found 2 plugins.
Preloading 0 native plugins for Editor in 0.00 ms.
Unloading 1626 Unused Serialized files (Serialized files now loaded: 0)
System memory in use before: 74.9 MB.
System memory in use after: 75.0 MB.

Unloading 14 unused Assets to reduce memory usage. Loaded Objects now: 2142.
Total: 2.291556 ms (FindLiveObjects: 0.252000 ms CreateObjectMapping: 0.065778 ms MarkObjects: 1.914222 ms  DeleteObjects: 0.058222 ms)

AssetImportWorkerClient::OnTransportError - code=2 error=End of file
