Using pre-set license
Built from '2020.3/staging' branch; Version is '2020.3.11f1 (99c7afb366b3) revision 10078127'; Using compiler version '192528614'; Build Type 'Release'
OS: 'Windows 10 Home; OS build 17134.1304; Version 1803; 64bit' Language: 'ja' Physical Memory: 8057 MB
BatchMode: 1, IsHumanControllingUs: 0, StartBugReporterOnCrash: 0, Is64bit: 1, IsPro: 0

 COMMAND LINE ARGUMENTS:
D:\Unity\Unity2020.3.11\Editor\Unity.exe
-adb2
-batchMode
-noUpm
-name
AssetImportWorker0
-projectPath
C:/Users/小礒　仁志/Documents/GameJam/Jam2021
-logFile
Logs/AssetImportWorker0.log
-srvPort
57741
Successfully changed project path to: C:/Users/小礒　仁志/Documents/GameJam/Jam2021
C:/Users/小礒　仁志/Documents/GameJam/Jam2021
Using Asset Import Pipeline V2.
Refreshing native plugins compatible for Editor in 35.04 ms, found 2 plugins.
Preloading 0 native plugins for Editor in 0.00 ms.
Initialize engine version: 2020.3.11f1 (99c7afb366b3)
[Subsystems] Discovering subsystems at path D:/Unity/Unity2020.3.11/Editor/Data/Resources/UnitySubsystems
[Subsystems] Discovering subsystems at path C:/Users/小礒　仁志/Documents/GameJam/Jam2021/Assets
GfxDevice: creating device client; threaded=0
Direct3D:
    Version:  Direct3D 11.0 [level 11.1]
    Renderer: Intel(R) Iris(R) Plus Graphics 640 (ID=0x5926)
    Vendor:   
    VRAM:     4028 MB
    Driver:   27.20.100.8682
Initialize mono
Mono path[0] = 'D:/Unity/Unity2020.3.11/Editor/Data/Managed'
Mono path[1] = 'D:/Unity/Unity2020.3.11/Editor/Data/MonoBleedingEdge/lib/mono/unityjit'
Mono config path = 'D:/Unity/Unity2020.3.11/Editor/Data/MonoBleedingEdge/etc'
Using monoOptions --debugger-agent=transport=dt_socket,embedding=1,server=y,suspend=n,address=127.0.0.1:56568
Begin MonoManager ReloadAssembly
Registering precompiled unity dll's ...
Register platform support module: D:/Unity/Unity2020.3.11/Editor/Data/PlaybackEngines/WindowsStandaloneSupport/UnityEditor.WindowsStandalone.Extensions.dll
Registered in 0.001226 seconds.
Native extension for WindowsStandalone target not found
Refreshing native plugins compatible for Editor in 34.91 ms, found 2 plugins.
Preloading 0 native plugins for Editor in 0.00 ms.
Unable to find bridge dll in registry for Microsoft Visual Studio Tools for Unity for C:\Program Files (x86)\Microsoft Visual Studio\2017\Professional\Common7\IDE\devenv.exe
Mono: successfully reloaded assembly
- Completed reload, in  1.111 seconds
Platform modules already initialized, skipping
Registering precompiled user dll's ...
Registered in 0.027750 seconds.
Begin MonoManager ReloadAssembly
Native extension for WindowsStandalone target not found
Refreshing native plugins compatible for Editor in 0.37 ms, found 2 plugins.
Preloading 0 native plugins for Editor in 0.00 ms.
Mono: successfully reloaded assembly
- Completed reload, in  1.166 seconds
Platform modules already initialized, skipping
========================================================================
Worker process is ready to serve import requests
Launched and connected shader compiler UnityShaderCompiler.exe after 0.04 seconds
Refreshing native plugins compatible for Editor in 0.36 ms, found 2 plugins.
Preloading 0 native plugins for Editor in 0.00 ms.
Unloading 1631 Unused Serialized files (Serialized files now loaded: 0)
System memory in use before: 71.3 MB.
System memory in use after: 71.4 MB.

Unloading 19 unused Assets to reduce memory usage. Loaded Objects now: 2065.
Total: 2.210222 ms (FindLiveObjects: 0.213333 ms CreateObjectMapping: 0.049778 ms MarkObjects: 1.856000 ms  DeleteObjects: 0.090667 ms)

========================================================================
Received Import Request.
  path: Assets/Image
  artifactKey: Guid(25038792e30b29a4d8ab6f67eb88e0f5) Importer(815301076,1909f56bfc062723c751e8b465ee728b)
Start importing Assets/Image using Guid(25038792e30b29a4d8ab6f67eb88e0f5) Importer(815301076,1909f56bfc062723c751e8b465ee728b)  -> (artifact id: '950b362e6a0d27b9ae9020c74e0d4c9c') in 0.017557 seconds
  Import took 0.021687 seconds .

========================================================================
Received Import Request.
  Time since last request: 12.994582 seconds.
  path: Assets/Image/COOL.png
  artifactKey: Guid(e69a9869d679d5d43b3ee7999ab280b7) Importer(815301076,1909f56bfc062723c751e8b465ee728b)
Start importing Assets/Image/COOL.png using Guid(e69a9869d679d5d43b3ee7999ab280b7) Importer(815301076,1909f56bfc062723c751e8b465ee728b)  -> (artifact id: '39eff43a914cddfb7930843e196525f3') in 0.097572 seconds
  Import took 0.103598 seconds .

========================================================================
Received Import Request.
  Time since last request: 0.000243 seconds.
  path: Assets/Image/HIT 1.png
  artifactKey: Guid(c873c16665c9fcb468c2a3f05fdb283c) Importer(815301076,1909f56bfc062723c751e8b465ee728b)
Start importing Assets/Image/HIT 1.png using Guid(c873c16665c9fcb468c2a3f05fdb283c) Importer(815301076,1909f56bfc062723c751e8b465ee728b)  -> (artifact id: 'fb1dee38fbfbcf799f63a492bcdd6ecf') in 0.026951 seconds
  Import took 0.031439 seconds .

========================================================================
Received Import Request.
  Time since last request: 0.000452 seconds.
  path: Assets/Image/GREAT.png
  artifactKey: Guid(c3155533271e42546ac3c22b0e57dc98) Importer(815301076,1909f56bfc062723c751e8b465ee728b)
Start importing Assets/Image/GREAT.png using Guid(c3155533271e42546ac3c22b0e57dc98) Importer(815301076,1909f56bfc062723c751e8b465ee728b)  -> (artifact id: 'b1254c7d273b3e78db9d28ce168b1591') in 0.020568 seconds
  Import took 0.024976 seconds .

========================================================================
Received Import Request.
  Time since last request: 0.000200 seconds.
  path: Assets/Image/MISS.png
  artifactKey: Guid(59e559fea6e903c4ea3f2c5575c6bb4b) Importer(815301076,1909f56bfc062723c751e8b465ee728b)
Start importing Assets/Image/MISS.png using Guid(59e559fea6e903c4ea3f2c5575c6bb4b) Importer(815301076,1909f56bfc062723c751e8b465ee728b)  -> (artifact id: 'd8841fb86187b01e7a4e00fc687ba6fa') in 0.022467 seconds
  Import took 0.029138 seconds .

========================================================================
Received Import Request.
  Time since last request: 0.000216 seconds.
  path: Assets/Image/GOOD.png
  artifactKey: Guid(5cd3deea26b9e0d43ba6296f0db6f093) Importer(815301076,1909f56bfc062723c751e8b465ee728b)
Start importing Assets/Image/GOOD.png using Guid(5cd3deea26b9e0d43ba6296f0db6f093) Importer(815301076,1909f56bfc062723c751e8b465ee728b)  -> (artifact id: 'bf7af14c694d331db1a53a8dd82e449f') in 0.028724 seconds
  Import took 0.033097 seconds .

========================================================================
Received Import Request.
  Time since last request: 128.030898 seconds.
  path: Assets/Image/GREAT.png
  artifactKey: Guid(c3155533271e42546ac3c22b0e57dc98) Importer(815301076,1909f56bfc062723c751e8b465ee728b)
Start importing Assets/Image/GREAT.png using Guid(c3155533271e42546ac3c22b0e57dc98) Importer(815301076,1909f56bfc062723c751e8b465ee728b)  -> (artifact id: '97f881bcb3fd9c05be4da3902f0e0f9d') in 0.064698 seconds
  Import took 0.070731 seconds .

========================================================================
Received Import Request.
  Time since last request: 20.694539 seconds.
  path: Assets/Image/COOL.png
  artifactKey: Guid(e69a9869d679d5d43b3ee7999ab280b7) Importer(815301076,1909f56bfc062723c751e8b465ee728b)
Start importing Assets/Image/COOL.png using Guid(e69a9869d679d5d43b3ee7999ab280b7) Importer(815301076,1909f56bfc062723c751e8b465ee728b)  -> (artifact id: '3055e1d9c88b309391704f1d416eede6') in 0.018568 seconds
  Import took 0.022112 seconds .

========================================================================
Received Import Request.
  Time since last request: 0.000228 seconds.
  path: Assets/Image/MISS.png
  artifactKey: Guid(59e559fea6e903c4ea3f2c5575c6bb4b) Importer(815301076,1909f56bfc062723c751e8b465ee728b)
Start importing Assets/Image/MISS.png using Guid(59e559fea6e903c4ea3f2c5575c6bb4b) Importer(815301076,1909f56bfc062723c751e8b465ee728b)  -> (artifact id: 'adf338fa35b8ff73c163b89ddc06f3b8') in 0.024819 seconds
  Import took 0.028157 seconds .

========================================================================
Received Import Request.
  Time since last request: 0.000320 seconds.
  path: Assets/Image/GOOD.png
  artifactKey: Guid(5cd3deea26b9e0d43ba6296f0db6f093) Importer(815301076,1909f56bfc062723c751e8b465ee728b)
Start importing Assets/Image/GOOD.png using Guid(5cd3deea26b9e0d43ba6296f0db6f093) Importer(815301076,1909f56bfc062723c751e8b465ee728b)  -> (artifact id: 'fea7f83f811d208cb2306cacbfc582e0') in 0.022623 seconds
  Import took 0.026621 seconds .

========================================================================
Received Prepare
Registering precompiled user dll's ...
Registered in 0.005030 seconds.
Begin MonoManager ReloadAssembly
Native extension for WindowsStandalone target not found
Refreshing native plugins compatible for Editor in 0.38 ms, found 2 plugins.
Preloading 0 native plugins for Editor in 0.00 ms.
Mono: successfully reloaded assembly
- Completed reload, in  0.964 seconds
Platform modules already initialized, skipping
Refreshing native plugins compatible for Editor in 0.31 ms, found 2 plugins.
Preloading 0 native plugins for Editor in 0.00 ms.
Unloading 1626 Unused Serialized files (Serialized files now loaded: 0)
System memory in use before: 74.3 MB.
System memory in use after: 74.4 MB.

Unloading 14 unused Assets to reduce memory usage. Loaded Objects now: 2075.
Total: 2.380889 ms (FindLiveObjects: 0.203111 ms CreateObjectMapping: 0.061333 ms MarkObjects: 2.057778 ms  DeleteObjects: 0.057778 ms)

========================================================================
Received Prepare
Registering precompiled user dll's ...
Registered in 0.004602 seconds.
Begin MonoManager ReloadAssembly
Native extension for WindowsStandalone target not found
Refreshing native plugins compatible for Editor in 0.56 ms, found 2 plugins.
Preloading 0 native plugins for Editor in 0.00 ms.
Mono: successfully reloaded assembly
- Completed reload, in  1.105 seconds
Platform modules already initialized, skipping
Refreshing native plugins compatible for Editor in 0.31 ms, found 2 plugins.
Preloading 0 native plugins for Editor in 0.00 ms.
Unloading 1626 Unused Serialized files (Serialized files now loaded: 0)
System memory in use before: 74.4 MB.
System memory in use after: 74.4 MB.

Unloading 14 unused Assets to reduce memory usage. Loaded Objects now: 2078.
Total: 1.898222 ms (FindLiveObjects: 0.162667 ms CreateObjectMapping: 0.056444 ms MarkObjects: 1.627556 ms  DeleteObjects: 0.049778 ms)

========================================================================
Received Prepare
Registering precompiled user dll's ...
Registered in 0.005864 seconds.
Begin MonoManager ReloadAssembly
Native extension for WindowsStandalone target not found
Refreshing native plugins compatible for Editor in 0.36 ms, found 2 plugins.
Preloading 0 native plugins for Editor in 0.00 ms.
Mono: successfully reloaded assembly
- Completed reload, in  0.996 seconds
Platform modules already initialized, skipping
Refreshing native plugins compatible for Editor in 0.37 ms, found 2 plugins.
Preloading 0 native plugins for Editor in 0.00 ms.
Unloading 1626 Unused Serialized files (Serialized files now loaded: 0)
System memory in use before: 74.4 MB.
System memory in use after: 74.5 MB.

Unloading 14 unused Assets to reduce memory usage. Loaded Objects now: 2081.
Total: 3.726667 ms (FindLiveObjects: 0.556889 ms CreateObjectMapping: 0.329333 ms MarkObjects: 2.743556 ms  DeleteObjects: 0.092889 ms)

========================================================================
Received Prepare
Registering precompiled user dll's ...
Registered in 0.006412 seconds.
Begin MonoManager ReloadAssembly
Native extension for WindowsStandalone target not found
Refreshing native plugins compatible for Editor in 0.37 ms, found 2 plugins.
Preloading 0 native plugins for Editor in 0.00 ms.
Mono: successfully reloaded assembly
- Completed reload, in  0.987 seconds
Platform modules already initialized, skipping
Refreshing native plugins compatible for Editor in 0.34 ms, found 2 plugins.
Preloading 0 native plugins for Editor in 0.00 ms.
Unloading 1626 Unused Serialized files (Serialized files now loaded: 0)
System memory in use before: 74.4 MB.
System memory in use after: 74.5 MB.

Unloading 14 unused Assets to reduce memory usage. Loaded Objects now: 2084.
Total: 2.249778 ms (FindLiveObjects: 0.193778 ms CreateObjectMapping: 0.051556 ms MarkObjects: 1.949778 ms  DeleteObjects: 0.053778 ms)

AssetImportWorkerClient::OnTransportError - code=2 error=End of file
